# JRE version: OpenJDK Runtime Environment (11.0.13) (build 11.0.13+0-b1751.21-8125866)
# Java VM: OpenJDK 64-Bit Server VM (11.0.13+0-b1751.21-8125866, mixed mode, tiered, compressed oops, g1 gc, windows-amd64)
Heap:
 garbage-first heap   total 200704K, used 144597K [0x00000000a0000000, 0x0000000100000000)
  region size 1024K, 42 young (43008K), 6 survivors (6144K)
 Metaspace       used 108561K, capacity 111572K, committed 111696K, reserved 1146880K
  class space    used 13662K, capacity 14759K, committed 14848K, reserved 1048576K
GC Heap History (20 events):
Event: 303.259 GC heap before
{Heap before GC invocations=64 (full 0):
 garbage-first heap   total 200704K, used 129018K [0x00000000a0000000, 0x0000000100000000)
  region size 1024K, 2 young (2048K), 1 survivors (1024K)
 Metaspace       used 103377K, capacity 106326K, committed 106448K, reserved 1140736K
  class space    used 13317K, capacity 14463K, committed 14464K, reserved 1048576K
}
Event: 303.262 GC heap after
{Heap after GC invocations=65 (full 0):
 garbage-first heap   total 200704K, used 116709K [0x00000000a0000000, 0x0000000100000000)
  region size 1024K, 1 young (1024K), 1 survivors (1024K)
 Metaspace       used 103377K, capacity 106326K, committed 106448K, reserved 1140736K
  class space    used 13317K, capacity 14463K, committed 14464K, reserved 1048576K
}
Event: 303.793 GC heap before
{Heap before GC invocations=66 (full 0):
 garbage-first heap   total 200704K, used 128997K [0x00000000a0000000, 0x0000000100000000)
  region size 1024K, 2 young (2048K), 1 survivors (1024K)
 Metaspace       used 103377K, capacity 106326K, committed 106448K, reserved 1140736K
  class space    used 13317K, capacity 14463K, committed 14464K, reserved 1048576K
}
Event: 303.801 GC heap after
{Heap after GC invocations=67 (full 0):
 garbage-first heap   total 200704K, used 116705K [0x00000000a0000000, 0x0000000100000000)
  region size 1024K, 1 young (1024K), 1 survivors (1024K)
 Metaspace       used 103377K, capacity 106326K, committed 106448K, reserved 1140736K
  class space    used 13317K, capacity 14463K, committed 14464K, reserved 1048576K
}
Event: 304.147 GC heap before
{Heap before GC invocations=68 (full 0):
 garbage-first heap   total 200704K, used 131041K [0x00000000a0000000, 0x0000000100000000)
  region size 1024K, 2 young (2048K), 1 survivors (1024K)
 Metaspace       used 103377K, capacity 106326K, committed 106448K, reserved 1140736K
  class space    used 13317K, capacity 14463K, committed 14464K, reserved 1048576K
}
Event: 304.150 GC heap after
{Heap after GC invocations=69 (full 0):
 garbage-first heap   total 200704K, used 116708K [0x00000000a0000000, 0x0000000100000000)
  region size 1024K, 1 young (1024K), 1 survivors (1024K)
 Metaspace       used 103377K, capacity 106326K, committed 106448K, reserved 1140736K
  class space    used 13317K, capacity 14463K, committed 14464K, reserved 1048576K
}
Event: 304.525 GC heap before
{Heap before GC invocations=70 (full 0):
 garbage-first heap   total 200704K, used 133092K [0x00000000a0000000, 0x0000000100000000)
  region size 1024K, 2 young (2048K), 1 survivors (1024K)
 Metaspace       used 103377K, capacity 106326K, committed 106448K, reserved 1140736K
  class space    used 13317K, capacity 14463K, committed 14464K, reserved 1048576K
}
Event: 304.528 GC heap after
{Heap after GC invocations=71 (full 0):
 garbage-first heap   total 200704K, used 116709K [0x00000000a0000000, 0x0000000100000000)
  region size 1024K, 1 young (1024K), 1 survivors (1024K)
 Metaspace       used 103377K, capacity 106326K, committed 106448K, reserved 1140736K
  class space    used 13317K, capacity 14463K, committed 14464K, reserved 1048576K
}
Event: 314.946 GC heap before
{Heap before GC invocations=72 (full 0):
 garbage-first heap   total 200704K, used 191461K [0x00000000a0000000, 0x0000000100000000)
  region size 1024K, 33 young (33792K), 1 survivors (1024K)
 Metaspace       used 107015K, capacity 110129K, committed 110416K, reserved 1144832K
  class space    used 13646K, capacity 14772K, committed 14848K, reserved 1048576K
}
Event: 314.952 GC heap after
{Heap after GC invocations=73 (full 0):
 garbage-first heap   total 200704K, used 107777K [0x00000000a0000000, 0x0000000100000000)
  region size 1024K, 2 young (2048K), 2 survivors (2048K)
 Metaspace       used 107015K, capacity 110129K, committed 110416K, reserved 1144832K
  class space    used 13646K, capacity 14772K, committed 14848K, reserved 1048576K
}
Event: 1997.230 GC heap before
{Heap before GC invocations=73 (full 0):
 garbage-first heap   total 200704K, used 147713K [0x00000000a0000000, 0x0000000100000000)
  region size 1024K, 41 young (41984K), 2 survivors (2048K)
 Metaspace       used 107470K, capacity 110516K, committed 110672K, reserved 1144832K
  class space    used 13657K, capacity 14772K, committed 14848K, reserved 1048576K
}
Event: 1997.254 GC heap after
{Heap after GC invocations=74 (full 0):
 garbage-first heap   total 200704K, used 107743K [0x00000000a0000000, 0x0000000100000000)
  region size 1024K, 2 young (2048K), 2 survivors (2048K)
 Metaspace       used 107470K, capacity 110516K, committed 110672K, reserved 1144832K
  class space    used 13657K, capacity 14772K, committed 14848K, reserved 1048576K
}
Event: 2084.123 GC heap before
{Heap before GC invocations=75 (full 0):
 garbage-first heap   total 200704K, used 150751K [0x00000000a0000000, 0x0000000100000000)
  region size 1024K, 44 young (45056K), 2 survivors (2048K)
 Metaspace       used 107423K, capacity 110225K, committed 110928K, reserved 1144832K
  class space    used 13545K, capacity 14566K, committed 14848K, reserved 1048576K
}
Event: 2084.141 GC heap after
{Heap after GC invocations=76 (full 0):
 garbage-first heap   total 200704K, used 112189K [0x00000000a0000000, 0x0000000100000000)
  region size 1024K, 6 young (6144K), 6 survivors (6144K)
 Metaspace       used 107423K, capacity 110225K, committed 110928K, reserved 1144832K
  class space    used 13545K, capacity 14566K, committed 14848K, reserved 1048576K
}
Event: 2084.398 GC heap before
{Heap before GC invocations=76 (full 0):
 garbage-first heap   total 200704K, used 114237K [0x00000000a0000000, 0x0000000100000000)
  region size 1024K, 9 young (9216K), 6 survivors (6144K)
 Metaspace       used 107433K, capacity 110226K, committed 110928K, reserved 1144832K
  class space    used 13545K, capacity 14566K, committed 14848K, reserved 1048576K
}
Event: 2084.430 GC heap after
{Heap after GC invocations=77 (full 0):
 garbage-first heap   total 200704K, used 102826K [0x00000000a0000000, 0x0000000100000000)
  region size 1024K, 1 young (1024K), 1 survivors (1024K)
 Metaspace       used 107433K, capacity 110226K, committed 110928K, reserved 1144832K
  class space    used 13545K, capacity 14566K, committed 14848K, reserved 1048576K
}
Event: 2085.232 GC heap before
{Heap before GC invocations=77 (full 0):
 garbage-first heap   total 200704K, used 109994K [0x00000000a0000000, 0x0000000100000000)
  region size 1024K, 9 young (9216K), 1 survivors (1024K)
 Metaspace       used 107460K, capacity 110251K, committed 110928K, reserved 1144832K
  class space    used 13548K, capacity 14572K, committed 14848K, reserved 1048576K
}
Event: 2085.248 GC heap after
{Heap after GC invocations=78 (full 0):
 garbage-first heap   total 200704K, used 102912K [0x00000000a0000000, 0x0000000100000000)
  region size 1024K, 1 young (1024K), 1 survivors (1024K)
 Metaspace       used 107460K, capacity 110251K, committed 110928K, reserved 1144832K
  class space    used 13548K, capacity 14572K, committed 14848K, reserved 1048576K
}
Event: 2109.805 GC heap before
{Heap before GC invocations=78 (full 0):
 garbage-first heap   total 200704K, used 148992K [0x00000000a0000000, 0x0000000100000000)
  region size 1024K, 47 young (48128K), 1 survivors (1024K)
 Metaspace       used 108129K, capacity 111043K, committed 111440K, reserved 1146880K
  class space    used 13617K, capacity 14686K, committed 14848K, reserved 1048576K
}
Event: 2109.827 GC heap after
{Heap after GC invocations=79 (full 0):
 garbage-first heap   total 200704K, used 109781K [0x00000000a0000000, 0x0000000100000000)
  region size 1024K, 6 young (6144K), 6 survivors (6144K)
 Metaspace       used 108129K, capacity 111043K, committed 111440K, reserved 1146880K
  class space    used 13617K, capacity 14686K, committed 14848K, reserved 1048576K
}

